{"/Users/harrison/blog/src/App.vue": {"path":"/Users/harrison/blog/src/App.vue","statementMap":{"0":{"start":{"line":1,"column":1},"end":{"line":17,"column":4}},"1":{"start":{"line":4,"column":0},"end":{"line":6,"column":3}},"2":{"start":{"line":14,"column":0},"end":{"line":16,"column":2}},"3":{"start":{"line":18,"column":0},"end":{"line":18,"column":70}},"4":{"start":{"line":18,"column":31},"end":{"line":18,"column":70}},"5":{"start":{"line":19,"column":24},"end":{"line":19,"column":100}},"6":{"start":{"line":20,"column":0},"end":{"line":20,"column":169}},"7":{"start":{"line":20,"column":54},"end":{"line":20,"column":58}},"8":{"start":{"line":20,"column":66},"end":{"line":20,"column":84}},"9":{"start":{"line":20,"column":92},"end":{"line":20,"column":108}},"10":{"start":{"line":20,"column":109},"end":{"line":20,"column":168}},"11":{"start":{"line":21,"column":0},"end":{"line":21,"column":37}}},"fnMap":{"0":{"name":"(anonymous_0)","decl":{"start":{"line":1,"column":2},"end":{"line":1,"column":3}},"loc":{"start":{"line":1,"column":12},"end":{"line":17,"column":1}},"line":1},"1":{"name":"render","decl":{"start":{"line":20,"column":35},"end":{"line":20,"column":41}},"loc":{"start":{"line":20,"column":45},"end":{"line":20,"column":169}},"line":20}},"branchMap":{"0":{"loc":{"start":{"line":18,"column":0},"end":{"line":18,"column":70}},"type":"if","locations":[{"start":{"line":18,"column":0},"end":{"line":18,"column":70}},{"start":{"line":18,"column":0},"end":{"line":18,"column":70}}],"line":18},"1":{"loc":{"start":{"line":19,"column":24},"end":{"line":19,"column":100}},"type":"cond-expr","locations":[{"start":{"line":19,"column":62},"end":{"line":19,"column":84}},{"start":{"line":19,"column":86},"end":{"line":19,"column":100}}],"line":19},"2":{"loc":{"start":{"line":20,"column":92},"end":{"line":20,"column":108}},"type":"binary-expr","locations":[{"start":{"line":20,"column":92},"end":{"line":20,"column":104}},{"start":{"line":20,"column":106},"end":{"line":20,"column":108}}],"line":20}},"s":{"0":0,"1":0,"2":0,"3":0,"4":0,"5":0,"6":0,"7":0,"8":0,"9":0,"10":0,"11":0},"f":{"0":0,"1":0},"b":{"0":[0,0],"1":[0,0],"2":[0,0]}}
,"/Users/harrison/blog/src/components/Post.vue": {"path":"/Users/harrison/blog/src/components/Post.vue","statementMap":{"0":{"start":{"line":1,"column":1},"end":{"line":38,"column":4}},"1":{"start":{"line":4,"column":0},"end":{"line":6,"column":3}},"2":{"start":{"line":17,"column":2},"end":{"line":17,"column":51}},"3":{"start":{"line":20,"column":12},"end":{"line":20,"column":67}},"4":{"start":{"line":21,"column":18},"end":{"line":23,"column":2}},"5":{"start":{"line":22,"column":2},"end":{"line":22,"column":26}},"6":{"start":{"line":25,"column":0},"end":{"line":37,"column":2}},"7":{"start":{"line":28,"column":4},"end":{"line":28,"column":14}},"8":{"start":{"line":33,"column":15},"end":{"line":33,"column":47}},"9":{"start":{"line":34,"column":6},"end":{"line":34,"column":34}},"10":{"start":{"line":39,"column":0},"end":{"line":39,"column":70}},"11":{"start":{"line":39,"column":31},"end":{"line":39,"column":70}},"12":{"start":{"line":40,"column":24},"end":{"line":40,"column":100}},"13":{"start":{"line":41,"column":0},"end":{"line":41,"column":267}},"14":{"start":{"line":41,"column":54},"end":{"line":41,"column":58}},"15":{"start":{"line":41,"column":66},"end":{"line":41,"column":84}},"16":{"start":{"line":41,"column":92},"end":{"line":41,"column":108}},"17":{"start":{"line":41,"column":109},"end":{"line":41,"column":266}},"18":{"start":{"line":42,"column":0},"end":{"line":42,"column":37}}},"fnMap":{"0":{"name":"(anonymous_0)","decl":{"start":{"line":1,"column":2},"end":{"line":1,"column":3}},"loc":{"start":{"line":1,"column":12},"end":{"line":38,"column":1}},"line":1},"1":{"name":"requireAll","decl":{"start":{"line":16,"column":9},"end":{"line":16,"column":19}},"loc":{"start":{"line":16,"column":36},"end":{"line":18,"column":1}},"line":16},"2":{"name":"(anonymous_2)","decl":{"start":{"line":21,"column":28},"end":{"line":21,"column":29}},"loc":{"start":{"line":21,"column":44},"end":{"line":23,"column":1}},"line":21},"3":{"name":"data","decl":{"start":{"line":27,"column":17},"end":{"line":27,"column":21}},"loc":{"start":{"line":27,"column":24},"end":{"line":29,"column":3}},"line":27},"4":{"name":"content","decl":{"start":{"line":32,"column":22},"end":{"line":32,"column":29}},"loc":{"start":{"line":32,"column":32},"end":{"line":35,"column":5}},"line":32},"5":{"name":"render","decl":{"start":{"line":41,"column":35},"end":{"line":41,"column":41}},"loc":{"start":{"line":41,"column":45},"end":{"line":41,"column":267}},"line":41}},"branchMap":{"0":{"loc":{"start":{"line":39,"column":0},"end":{"line":39,"column":70}},"type":"if","locations":[{"start":{"line":39,"column":0},"end":{"line":39,"column":70}},{"start":{"line":39,"column":0},"end":{"line":39,"column":70}}],"line":39},"1":{"loc":{"start":{"line":40,"column":24},"end":{"line":40,"column":100}},"type":"cond-expr","locations":[{"start":{"line":40,"column":62},"end":{"line":40,"column":84}},{"start":{"line":40,"column":86},"end":{"line":40,"column":100}}],"line":40},"2":{"loc":{"start":{"line":41,"column":92},"end":{"line":41,"column":108}},"type":"binary-expr","locations":[{"start":{"line":41,"column":92},"end":{"line":41,"column":104}},{"start":{"line":41,"column":106},"end":{"line":41,"column":108}}],"line":41}},"s":{"0":0,"1":0,"2":0,"3":0,"4":0,"5":0,"6":0,"7":0,"8":0,"9":0,"10":0,"11":0,"12":0,"13":0,"14":0,"15":0,"16":0,"17":0,"18":0},"f":{"0":0,"1":0,"2":0,"3":0,"4":0,"5":0},"b":{"0":[0,0],"1":[0,0],"2":[0,0]}}
,"/Users/harrison/blog/src/polyfill/require.js": {"path":"/Users/harrison/blog/src/polyfill/require.js","statementMap":{"0":{"start":{"line":1,"column":13},"end":{"line":3,"column":1}},"1":{"start":{"line":2,"column":2},"end":{"line":2,"column":35}}},"fnMap":{"0":{"name":"(anonymous_0)","decl":{"start":{"line":2,"column":20},"end":{"line":2,"column":21}},"loc":{"start":{"line":2,"column":32},"end":{"line":2,"column":34}},"line":2}},"branchMap":{"0":{"loc":{"start":{"line":1,"column":13},"end":{"line":3,"column":1}},"type":"if","locations":[{"start":{"line":1,"column":13},"end":{"line":3,"column":1}},{"start":{"line":1,"column":13},"end":{"line":3,"column":1}}],"line":1}},"s":{"0":0,"1":0},"f":{"0":0},"b":{"0":[0,0]}}
}
