TN:
SF:/Users/harrison/blog/src/App.vue
FN:1,(anonymous_0)
FN:20,render
FNF:2
FNH:0
FNDA:0,(anonymous_0)
FNDA:0,render
DA:1,0
DA:4,0
DA:14,0
DA:18,0
DA:19,0
DA:20,0
DA:21,0
LF:7
LH:0
BRDA:18,0,0,0
BRDA:18,0,1,0
BRDA:19,1,0,0
BRDA:19,1,1,0
BRDA:20,2,0,0
BRDA:20,2,1,0
BRF:6
BRH:0
end_of_record
TN:
SF:/Users/harrison/blog/src/components/Post.vue
FN:1,(anonymous_0)
FN:16,requireAll
FN:21,(anonymous_2)
FN:27,data
FN:32,content
FN:41,render
FNF:6
FNH:0
FNDA:0,(anonymous_0)
FNDA:0,requireAll
FNDA:0,(anonymous_2)
FNDA:0,data
FNDA:0,content
FNDA:0,render
DA:1,0
DA:4,0
DA:17,0
DA:20,0
DA:21,0
DA:22,0
DA:25,0
DA:28,0
DA:33,0
DA:34,0
DA:39,0
DA:40,0
DA:41,0
DA:42,0
LF:14
LH:0
BRDA:39,0,0,0
BRDA:39,0,1,0
BRDA:40,1,0,0
BRDA:40,1,1,0
BRDA:41,2,0,0
BRDA:41,2,1,0
BRF:6
BRH:0
end_of_record
TN:
SF:/Users/harrison/blog/src/polyfill/require.js
FN:2,(anonymous_0)
FNF:1
FNH:0
FNDA:0,(anonymous_0)
DA:1,0
DA:2,0
LF:2
LH:0
BRDA:1,0,0,0
BRDA:1,0,1,0
BRF:2
BRH:0
end_of_record
